{"/Users/beltranbulbarella/WebstormProjects/basketballApp/src/modules/bottomBar/BottomBar.tsx": {"path":"/Users/beltranbulbarella/WebstormProjects/basketballApp/src/modules/bottomBar/BottomBar.tsx","statementMap":{"0":{"start":{"line":1,"column":0},"end":{"line":1,"column":null}},"1":{"start":{"line":2,"column":0},"end":{"line":2,"column":null}},"2":{"start":{"line":3,"column":0},"end":{"line":3,"column":null}},"3":{"start":{"line":5,"column":18},"end":{"line":34,"column":1}},"4":{"start":{"line":6,"column":12},"end":{"line":6,"column":11}},"5":{"start":{"line":7,"column":9},"end":{"line":7,"column":8}},"6":{"start":{"line":12,"column":2},"end":{"line":32,"column":null}},"7":{"start":{"line":18,"column":17},"end":{"line":18,"column":58}},"8":{"start":{"line":24,"column":17},"end":{"line":24,"column":56}},"9":{"start":{"line":30,"column":17},"end":{"line":30,"column":54}},"10":{"start":{"line":36,"column":15},"end":{"line":53,"column":2}},"11":{"start":{"line":55,"column":0},"end":{"line":55,"column":null}}},"fnMap":{"0":{"name":"BottomBar","decl":{"start":{"line":5,"column":6},"end":{"line":5,"column":15}},"loc":{"start":{"line":11,"column":5},"end":{"line":34,"column":1}}},"1":{"name":"onPress","decl":{"start":{"line":18,"column":17},"end":{"line":18,"column":23}},"loc":{"start":{"line":18,"column":17},"end":{"line":18,"column":58}}},"2":{"name":"onPress","decl":{"start":{"line":24,"column":17},"end":{"line":24,"column":23}},"loc":{"start":{"line":24,"column":17},"end":{"line":24,"column":56}}},"3":{"name":"onPress","decl":{"start":{"line":30,"column":17},"end":{"line":30,"column":23}},"loc":{"start":{"line":30,"column":17},"end":{"line":30,"column":54}}}},"branchMap":{"0":{"loc":{"start":{"line":17,"column":15},"end":{"line":17,"column":80}},"type":"cond-expr","locations":[{"start":{"line":17,"column":58},"end":{"line":17,"column":67}},{"start":{"line":17,"column":70},"end":{"line":17,"column":80}}]},"1":{"loc":{"start":{"line":23,"column":15},"end":{"line":23,"column":78}},"type":"cond-expr","locations":[{"start":{"line":23,"column":56},"end":{"line":23,"column":65}},{"start":{"line":23,"column":68},"end":{"line":23,"column":78}}]},"2":{"loc":{"start":{"line":29,"column":15},"end":{"line":29,"column":76}},"type":"cond-expr","locations":[{"start":{"line":29,"column":54},"end":{"line":29,"column":63}},{"start":{"line":29,"column":66},"end":{"line":29,"column":76}}]}},"s":{"0":4,"1":4,"2":4,"3":4,"4":5,"5":5,"6":5,"7":1,"8":1,"9":1,"10":4,"11":4},"f":{"0":5,"1":1,"2":1,"3":1},"b":{"0":[3,2],"1":[1,4],"2":[1,4]}}
,"/Users/beltranbulbarella/WebstormProjects/basketballApp/src/modules/match/Match.tsx": {"path":"/Users/beltranbulbarella/WebstormProjects/basketballApp/src/modules/match/Match.tsx","statementMap":{"0":{"start":{"line":1,"column":0},"end":{"line":1,"column":null}},"1":{"start":{"line":2,"column":0},"end":{"line":2,"column":null}},"2":{"start":{"line":18,"column":14},"end":{"line":43,"column":1}},"3":{"start":{"line":19,"column":2},"end":{"line":41,"column":null}},"4":{"start":{"line":45,"column":20},"end":{"line":45,"column":50}},"5":{"start":{"line":46,"column":21},"end":{"line":46,"column":52}},"6":{"start":{"line":48,"column":15},"end":{"line":113,"column":2}},"7":{"start":{"line":115,"column":0},"end":{"line":115,"column":null}}},"fnMap":{"0":{"name":"Match","decl":{"start":{"line":18,"column":6},"end":{"line":18,"column":11}},"loc":{"start":{"line":18,"column":19},"end":{"line":43,"column":1}}}},"branchMap":{},"s":{"0":0,"1":0,"2":0,"3":0,"4":0,"5":0,"6":0,"7":0},"f":{"0":0},"b":{}}
,"/Users/beltranbulbarella/WebstormProjects/basketballApp/src/modules/match/singleMatchResult/SingleMatchResult.tsx": {"path":"/Users/beltranbulbarella/WebstormProjects/basketballApp/src/modules/match/singleMatchResult/SingleMatchResult.tsx","statementMap":{"0":{"start":{"line":1,"column":0},"end":{"line":1,"column":null}},"1":{"start":{"line":2,"column":0},"end":{"line":2,"column":null}},"2":{"start":{"line":4,"column":0},"end":{"line":4,"column":null}},"3":{"start":{"line":12,"column":26},"end":{"line":28,"column":1}},"4":{"start":{"line":13,"column":2},"end":{"line":26,"column":null}},"5":{"start":{"line":30,"column":15},"end":{"line":44,"column":2}},"6":{"start":{"line":46,"column":0},"end":{"line":46,"column":null}}},"fnMap":{"0":{"name":"SingleMatchResult","decl":{"start":{"line":12,"column":6},"end":{"line":12,"column":23}},"loc":{"start":{"line":12,"column":55},"end":{"line":28,"column":1}}}},"branchMap":{},"s":{"0":2,"1":2,"2":2,"3":2,"4":2,"5":2,"6":2},"f":{"0":2},"b":{}}
,"/Users/beltranbulbarella/WebstormProjects/basketballApp/src/modules/match/singleMatchResult/teamButton/TeamButton.tsx": {"path":"/Users/beltranbulbarella/WebstormProjects/basketballApp/src/modules/match/singleMatchResult/teamButton/TeamButton.tsx","statementMap":{"0":{"start":{"line":1,"column":0},"end":{"line":1,"column":null}},"1":{"start":{"line":2,"column":0},"end":{"line":2,"column":null}},"2":{"start":{"line":4,"column":0},"end":{"line":4,"column":null}},"3":{"start":{"line":6,"column":19},"end":{"line":13,"column":1}},"4":{"start":{"line":7,"column":2},"end":{"line":11,"column":null}},"5":{"start":{"line":15,"column":15},"end":{"line":37,"column":2}},"6":{"start":{"line":39,"column":0},"end":{"line":39,"column":null}}},"fnMap":{"0":{"name":"TeamButton","decl":{"start":{"line":6,"column":6},"end":{"line":6,"column":16}},"loc":{"start":{"line":6,"column":35},"end":{"line":13,"column":1}}}},"branchMap":{},"s":{"0":3,"1":3,"2":3,"3":3,"4":5,"5":3,"6":3},"f":{"0":5},"b":{}}
,"/Users/beltranbulbarella/WebstormProjects/basketballApp/src/modules/players/Players.tsx": {"path":"/Users/beltranbulbarella/WebstormProjects/basketballApp/src/modules/players/Players.tsx","statementMap":{"0":{"start":{"line":1,"column":0},"end":{"line":1,"column":null}},"1":{"start":{"line":2,"column":0},"end":{"line":2,"column":null}},"2":{"start":{"line":4,"column":0},"end":{"line":4,"column":null}},"3":{"start":{"line":5,"column":0},"end":{"line":5,"column":null}},"4":{"start":{"line":6,"column":0},"end":{"line":6,"column":null}},"5":{"start":{"line":8,"column":16},"end":{"line":64,"column":1}},"6":{"start":{"line":8,"column":28},"end":{"line":8,"column":27}},"7":{"start":{"line":9,"column":41},"end":{"line":9,"column":65}},"8":{"start":{"line":10,"column":26},"end":{"line":13,"column":4}},"9":{"start":{"line":13,"column":4},"end":{"line":13,"column":null}},"10":{"start":{"line":10,"column":13},"end":{"line":10,"column":15}},"11":{"start":{"line":10,"column":22},"end":{"line":10,"column":26}},"12":{"start":{"line":14,"column":2},"end":{"line":62,"column":null}},"13":{"start":{"line":24,"column":21},"end":{"line":24,"column":71}},"14":{"start":{"line":31,"column":21},"end":{"line":31,"column":62}},"15":{"start":{"line":40,"column":16},"end":{"line":41,"column":null}},"16":{"start":{"line":40,"column":30},"end":{"line":40,"column":65}},"17":{"start":{"line":41,"column":21},"end":{"line":41,"column":null}},"18":{"start":{"line":44,"column":16},"end":{"line":56,"column":null}},"19":{"start":{"line":66,"column":15},"end":{"line":112,"column":2}},"20":{"start":{"line":114,"column":0},"end":{"line":114,"column":null}}},"fnMap":{"0":{"name":"Players","decl":{"start":{"line":8,"column":6},"end":{"line":8,"column":13}},"loc":{"start":{"line":8,"column":52},"end":{"line":64,"column":1}}},"1":{"name":"onPress","decl":{"start":{"line":24,"column":21},"end":{"line":24,"column":27}},"loc":{"start":{"line":24,"column":21},"end":{"line":24,"column":71}}},"2":{"name":"onPress","decl":{"start":{"line":31,"column":21},"end":{"line":31,"column":27}},"loc":{"start":{"line":31,"column":21},"end":{"line":31,"column":62}}},"3":{"name":"(anonymous_10)","decl":{"start":{"line":39,"column":20},"end":{"line":39,"column":21}},"loc":{"start":{"line":39,"column":29},"end":{"line":42,"column":15}}},"4":{"name":"(anonymous_11)","decl":{"start":{"line":43,"column":19},"end":{"line":43,"column":20}},"loc":{"start":{"line":43,"column":35},"end":{"line":58,"column":15}}}},"branchMap":{"0":{"loc":{"start":{"line":37,"column":11},"end":{"line":58,"column":16}},"type":"binary-expr","locations":[{"start":{"line":37,"column":11},"end":{"line":37,"column":27}},{"start":{"line":38,"column":12},"end":{"line":58,"column":16}}]},"1":{"loc":{"start":{"line":40,"column":16},"end":{"line":41,"column":null}},"type":"if","locations":[{"start":{"line":40,"column":16},"end":{"line":41,"column":null}},{"start":{"line":41,"column":21},"end":{"line":41,"column":null}}]}},"s":{"0":1,"1":1,"2":1,"3":1,"4":1,"5":1,"6":1,"7":1,"8":1,"9":1,"10":1,"11":1,"12":1,"13":0,"14":0,"15":1,"16":0,"17":1,"18":2,"19":1,"20":1},"f":{"0":1,"1":0,"2":0,"3":1,"4":2},"b":{"0":[1,1],"1":[0,1]}}
,"/Users/beltranbulbarella/WebstormProjects/basketballApp/src/modules/standings/Standings.tsx": {"path":"/Users/beltranbulbarella/WebstormProjects/basketballApp/src/modules/standings/Standings.tsx","statementMap":{"0":{"start":{"line":1,"column":0},"end":{"line":1,"column":null}},"1":{"start":{"line":2,"column":0},"end":{"line":2,"column":null}},"2":{"start":{"line":4,"column":0},"end":{"line":4,"column":null}},"3":{"start":{"line":5,"column":0},"end":{"line":5,"column":null}},"4":{"start":{"line":6,"column":0},"end":{"line":6,"column":null}},"5":{"start":{"line":8,"column":18},"end":{"line":70,"column":1}},"6":{"start":{"line":8,"column":30},"end":{"line":8,"column":29}},"7":{"start":{"line":9,"column":36},"end":{"line":9,"column":53}},"8":{"start":{"line":10,"column":26},"end":{"line":13,"column":4}},"9":{"start":{"line":13,"column":4},"end":{"line":13,"column":null}},"10":{"start":{"line":10,"column":13},"end":{"line":10,"column":15}},"11":{"start":{"line":10,"column":22},"end":{"line":10,"column":26}},"12":{"start":{"line":14,"column":2},"end":{"line":68,"column":null}},"13":{"start":{"line":23,"column":21},"end":{"line":23,"column":62}},"14":{"start":{"line":29,"column":21},"end":{"line":29,"column":61}},"15":{"start":{"line":36,"column":21},"end":{"line":36,"column":71}},"16":{"start":{"line":44,"column":24},"end":{"line":44,"column":50}},"17":{"start":{"line":46,"column":16},"end":{"line":47,"column":null}},"18":{"start":{"line":46,"column":30},"end":{"line":46,"column":65}},"19":{"start":{"line":47,"column":21},"end":{"line":47,"column":null}},"20":{"start":{"line":50,"column":16},"end":{"line":62,"column":null}},"21":{"start":{"line":72,"column":15},"end":{"line":118,"column":2}},"22":{"start":{"line":120,"column":0},"end":{"line":120,"column":null}}},"fnMap":{"0":{"name":"Standings","decl":{"start":{"line":8,"column":6},"end":{"line":8,"column":15}},"loc":{"start":{"line":8,"column":54},"end":{"line":70,"column":1}}},"1":{"name":"onPress","decl":{"start":{"line":23,"column":21},"end":{"line":23,"column":27}},"loc":{"start":{"line":23,"column":21},"end":{"line":23,"column":62}}},"2":{"name":"onPress","decl":{"start":{"line":29,"column":21},"end":{"line":29,"column":27}},"loc":{"start":{"line":29,"column":21},"end":{"line":29,"column":61}}},"3":{"name":"onPress","decl":{"start":{"line":36,"column":21},"end":{"line":36,"column":27}},"loc":{"start":{"line":36,"column":21},"end":{"line":36,"column":71}}},"4":{"name":"(anonymous_11)","decl":{"start":{"line":44,"column":22},"end":{"line":44,"column":23}},"loc":{"start":{"line":44,"column":24},"end":{"line":44,"column":50}}},"5":{"name":"(anonymous_12)","decl":{"start":{"line":45,"column":20},"end":{"line":45,"column":21}},"loc":{"start":{"line":45,"column":29},"end":{"line":48,"column":15}}},"6":{"name":"(anonymous_13)","decl":{"start":{"line":49,"column":19},"end":{"line":49,"column":20}},"loc":{"start":{"line":49,"column":35},"end":{"line":64,"column":15}}}},"branchMap":{"0":{"loc":{"start":{"line":42,"column":11},"end":{"line":64,"column":16}},"type":"binary-expr","locations":[{"start":{"line":42,"column":11},"end":{"line":42,"column":20}},{"start":{"line":43,"column":12},"end":{"line":64,"column":16}}]},"1":{"loc":{"start":{"line":46,"column":16},"end":{"line":47,"column":null}},"type":"if","locations":[{"start":{"line":46,"column":16},"end":{"line":47,"column":null}},{"start":{"line":47,"column":21},"end":{"line":47,"column":null}}]}},"s":{"0":1,"1":1,"2":1,"3":1,"4":1,"5":1,"6":1,"7":1,"8":1,"9":1,"10":1,"11":1,"12":1,"13":0,"14":0,"15":0,"16":2,"17":1,"18":0,"19":1,"20":2,"21":1,"22":1},"f":{"0":1,"1":0,"2":0,"3":0,"4":2,"5":1,"6":2},"b":{"0":[1,1],"1":[0,1]}}
,"/Users/beltranbulbarella/WebstormProjects/basketballApp/src/screens/Home.tsx": {"path":"/Users/beltranbulbarella/WebstormProjects/basketballApp/src/screens/Home.tsx","statementMap":{"0":{"start":{"line":1,"column":0},"end":{"line":1,"column":null}},"1":{"start":{"line":2,"column":0},"end":{"line":2,"column":null}},"2":{"start":{"line":10,"column":0},"end":{"line":10,"column":null}},"3":{"start":{"line":11,"column":0},"end":{"line":11,"column":null}},"4":{"start":{"line":13,"column":0},"end":{"line":13,"column":null}},"5":{"start":{"line":14,"column":0},"end":{"line":14,"column":null}},"6":{"start":{"line":17,"column":13},"end":{"line":66,"column":1}},"7":{"start":{"line":17,"column":25},"end":{"line":17,"column":24}},"8":{"start":{"line":18,"column":51},"end":{"line":18,"column":63}},"9":{"start":{"line":18,"column":16},"end":{"line":18,"column":15}},"10":{"start":{"line":18,"column":25},"end":{"line":18,"column":24}},"11":{"start":{"line":18,"column":47},"end":{"line":18,"column":38}},"12":{"start":{"line":19,"column":2},"end":{"line":64,"column":null}},"13":{"start":{"line":29,"column":12},"end":{"line":56,"column":null}},"14":{"start":{"line":32,"column":25},"end":{"line":32,"column":60}},"15":{"start":{"line":68,"column":15},"end":{"line":81,"column":2}},"16":{"start":{"line":83,"column":0},"end":{"line":83,"column":null}}},"fnMap":{"0":{"name":"Home","decl":{"start":{"line":17,"column":6},"end":{"line":17,"column":10}},"loc":{"start":{"line":17,"column":49},"end":{"line":66,"column":1}}},"1":{"name":"(anonymous_2)","decl":{"start":{"line":28,"column":22},"end":{"line":28,"column":23}},"loc":{"start":{"line":28,"column":45},"end":{"line":58,"column":11}}},"2":{"name":"onPress","decl":{"start":{"line":32,"column":25},"end":{"line":32,"column":31}},"loc":{"start":{"line":32,"column":25},"end":{"line":32,"column":60}}}},"branchMap":{"0":{"loc":{"start":{"line":27,"column":9},"end":{"line":58,"column":12}},"type":"binary-expr","locations":[{"start":{"line":27,"column":9},"end":{"line":27,"column":16}},{"start":{"line":28,"column":10},"end":{"line":58,"column":12}}]}},"s":{"0":1,"1":1,"2":1,"3":1,"4":1,"5":1,"6":1,"7":2,"8":2,"9":2,"10":2,"11":2,"12":2,"13":0,"14":0,"15":1,"16":1},"f":{"0":2,"1":0,"2":0},"b":{"0":[2,2]}}
,"/Users/beltranbulbarella/WebstormProjects/basketballApp/src/utils/data.tsx": {"path":"/Users/beltranbulbarella/WebstormProjects/basketballApp/src/utils/data.tsx","statementMap":{"0":{"start":{"line":1,"column":0},"end":{"line":1,"column":null}},"1":{"start":{"line":2,"column":0},"end":{"line":2,"column":null}},"2":{"start":{"line":5,"column":26},"end":{"line":26,"column":1}},"3":{"start":{"line":6,"column":41},"end":{"line":6,"column":62}},"4":{"start":{"line":6,"column":62},"end":{"line":6,"column":null}},"5":{"start":{"line":6,"column":20},"end":{"line":6,"column":22}},"6":{"start":{"line":6,"column":37},"end":{"line":6,"column":41}},"7":{"start":{"line":7,"column":32},"end":{"line":7,"column":47}},"8":{"start":{"line":7,"column":47},"end":{"line":7,"column":null}},"9":{"start":{"line":7,"column":16},"end":{"line":7,"column":18}},"10":{"start":{"line":7,"column":28},"end":{"line":7,"column":32}},"11":{"start":{"line":8,"column":20},"end":{"line":8,"column":23}},"12":{"start":{"line":8,"column":20},"end":{"line":20,"column":null}},"13":{"start":{"line":9,"column":4},"end":{"line":9,"column":null}},"14":{"start":{"line":10,"column":4},"end":{"line":19,"column":null}},"15":{"start":{"line":13,"column":8},"end":{"line":13,"column":null}},"16":{"start":{"line":14,"column":8},"end":{"line":14,"column":null}},"17":{"start":{"line":17,"column":8},"end":{"line":17,"column":null}},"18":{"start":{"line":18,"column":8},"end":{"line":18,"column":null}},"19":{"start":{"line":20,"column":3},"end":{"line":8,"column":23}},"20":{"start":{"line":21,"column":2},"end":{"line":23,"column":null}},"21":{"start":{"line":22,"column":4},"end":{"line":22,"column":null}},"22":{"start":{"line":25,"column":2},"end":{"line":25,"column":null}},"23":{"start":{"line":5,"column":13},"end":{"line":5,"column":26}},"24":{"start":{"line":28,"column":38},"end":{"line":46,"column":1}},"25":{"start":{"line":29,"column":32},"end":{"line":29,"column":44}},"26":{"start":{"line":29,"column":44},"end":{"line":29,"column":null}},"27":{"start":{"line":29,"column":16},"end":{"line":29,"column":18}},"28":{"start":{"line":29,"column":28},"end":{"line":29,"column":32}},"29":{"start":{"line":31,"column":29},"end":{"line":31,"column":32}},"30":{"start":{"line":31,"column":29},"end":{"line":40,"column":null}},"31":{"start":{"line":32,"column":4},"end":{"line":39,"column":null}},"32":{"start":{"line":35,"column":8},"end":{"line":35,"column":null}},"33":{"start":{"line":38,"column":8},"end":{"line":38,"column":null}},"34":{"start":{"line":40,"column":3},"end":{"line":31,"column":32}},"35":{"start":{"line":41,"column":2},"end":{"line":43,"column":null}},"36":{"start":{"line":42,"column":4},"end":{"line":42,"column":null}},"37":{"start":{"line":45,"column":2},"end":{"line":45,"column":null}},"38":{"start":{"line":28,"column":13},"end":{"line":28,"column":38}},"39":{"start":{"line":48,"column":31},"end":{"line":66,"column":1}},"40":{"start":{"line":49,"column":36},"end":{"line":49,"column":48}},"41":{"start":{"line":49,"column":48},"end":{"line":49,"column":null}},"42":{"start":{"line":49,"column":18},"end":{"line":49,"column":20}},"43":{"start":{"line":49,"column":32},"end":{"line":49,"column":36}},"44":{"start":{"line":51,"column":22},"end":{"line":51,"column":25}},"45":{"start":{"line":51,"column":22},"end":{"line":60,"column":null}},"46":{"start":{"line":52,"column":4},"end":{"line":59,"column":null}},"47":{"start":{"line":55,"column":8},"end":{"line":55,"column":null}},"48":{"start":{"line":58,"column":8},"end":{"line":58,"column":null}},"49":{"start":{"line":60,"column":3},"end":{"line":51,"column":25}},"50":{"start":{"line":61,"column":2},"end":{"line":63,"column":null}},"51":{"start":{"line":62,"column":4},"end":{"line":62,"column":null}},"52":{"start":{"line":65,"column":2},"end":{"line":65,"column":null}},"53":{"start":{"line":48,"column":13},"end":{"line":48,"column":31}}},"fnMap":{"0":{"name":"useMatches","decl":{"start":{"line":5,"column":13},"end":{"line":5,"column":23}},"loc":{"start":{"line":5,"column":31},"end":{"line":26,"column":1}}},"1":{"name":"(anonymous_2)","decl":{"start":{"line":8,"column":20},"end":{"line":8,"column":23}},"loc":{"start":{"line":8,"column":20},"end":{"line":8,"column":23}}},"2":{"name":"(anonymous_3)","decl":{"start":{"line":8,"column":23},"end":{"line":8,"column":34}},"loc":{"start":{"line":8,"column":34},"end":{"line":20,"column":3}}},"3":{"name":"(anonymous_4)","decl":{"start":{"line":12,"column":12},"end":{"line":12,"column":13}},"loc":{"start":{"line":12,"column":20},"end":{"line":15,"column":7}}},"4":{"name":"(anonymous_5)","decl":{"start":{"line":16,"column":13},"end":{"line":16,"column":14}},"loc":{"start":{"line":16,"column":21},"end":{"line":19,"column":7}}},"5":{"name":"fetchMatches","decl":{"start":{"line":8,"column":8},"end":{"line":8,"column":20}},"loc":{"start":{"line":8,"column":20},"end":{"line":8,"column":23}}},"6":{"name":"(anonymous_7)","decl":{"start":{"line":21,"column":12},"end":{"line":21,"column":17}},"loc":{"start":{"line":21,"column":17},"end":{"line":23,"column":3}}},"7":{"name":"useGetPlayersStandings","decl":{"start":{"line":28,"column":13},"end":{"line":28,"column":35}},"loc":{"start":{"line":28,"column":43},"end":{"line":46,"column":1}}},"8":{"name":"(anonymous_9)","decl":{"start":{"line":31,"column":29},"end":{"line":31,"column":32}},"loc":{"start":{"line":31,"column":29},"end":{"line":31,"column":32}}},"9":{"name":"(anonymous_10)","decl":{"start":{"line":31,"column":32},"end":{"line":31,"column":43}},"loc":{"start":{"line":31,"column":43},"end":{"line":40,"column":3}}},"10":{"name":"(anonymous_11)","decl":{"start":{"line":34,"column":12},"end":{"line":34,"column":13}},"loc":{"start":{"line":34,"column":20},"end":{"line":36,"column":7}}},"11":{"name":"(anonymous_12)","decl":{"start":{"line":37,"column":13},"end":{"line":37,"column":14}},"loc":{"start":{"line":37,"column":21},"end":{"line":39,"column":7}}},"12":{"name":"fetchPlayersStandings","decl":{"start":{"line":31,"column":8},"end":{"line":31,"column":29}},"loc":{"start":{"line":31,"column":29},"end":{"line":31,"column":32}}},"13":{"name":"(anonymous_14)","decl":{"start":{"line":41,"column":12},"end":{"line":41,"column":17}},"loc":{"start":{"line":41,"column":17},"end":{"line":43,"column":3}}},"14":{"name":"useGetStandings","decl":{"start":{"line":48,"column":13},"end":{"line":48,"column":28}},"loc":{"start":{"line":48,"column":36},"end":{"line":66,"column":1}}},"15":{"name":"(anonymous_16)","decl":{"start":{"line":51,"column":22},"end":{"line":51,"column":25}},"loc":{"start":{"line":51,"column":22},"end":{"line":51,"column":25}}},"16":{"name":"(anonymous_17)","decl":{"start":{"line":51,"column":25},"end":{"line":51,"column":36}},"loc":{"start":{"line":51,"column":36},"end":{"line":60,"column":3}}},"17":{"name":"(anonymous_18)","decl":{"start":{"line":54,"column":12},"end":{"line":54,"column":13}},"loc":{"start":{"line":54,"column":20},"end":{"line":56,"column":7}}},"18":{"name":"(anonymous_19)","decl":{"start":{"line":57,"column":13},"end":{"line":57,"column":14}},"loc":{"start":{"line":57,"column":21},"end":{"line":59,"column":7}}},"19":{"name":"fetchStandings","decl":{"start":{"line":51,"column":8},"end":{"line":51,"column":22}},"loc":{"start":{"line":51,"column":22},"end":{"line":51,"column":25}}},"20":{"name":"(anonymous_21)","decl":{"start":{"line":61,"column":12},"end":{"line":61,"column":17}},"loc":{"start":{"line":61,"column":17},"end":{"line":63,"column":3}}}},"branchMap":{},"s":{"0":1,"1":1,"2":1,"3":2,"4":2,"5":2,"6":2,"7":2,"8":2,"9":2,"10":2,"11":3,"12":2,"13":1,"14":1,"15":0,"16":0,"17":0,"18":0,"19":2,"20":2,"21":1,"22":2,"23":1,"24":1,"25":0,"26":0,"27":0,"28":0,"29":0,"30":0,"31":0,"32":0,"33":0,"34":0,"35":0,"36":0,"37":0,"38":1,"39":1,"40":0,"41":0,"42":0,"43":0,"44":0,"45":0,"46":0,"47":0,"48":0,"49":0,"50":0,"51":0,"52":0,"53":1},"f":{"0":2,"1":2,"2":1,"3":0,"4":0,"5":1,"6":1,"7":0,"8":0,"9":0,"10":0,"11":0,"12":0,"13":0,"14":0,"15":0,"16":0,"17":0,"18":0,"19":0,"20":0},"b":{}}
,"/Users/beltranbulbarella/WebstormProjects/basketballApp/src/utils/types.ts": {"path":"/Users/beltranbulbarella/WebstormProjects/basketballApp/src/utils/types.ts","statementMap":{"0":{"start":{"line":54,"column":0},"end":{"line":54,"column":null}},"1":{"start":{"line":55,"column":2},"end":{"line":55,"column":null}},"2":{"start":{"line":56,"column":2},"end":{"line":56,"column":null}},"3":{"start":{"line":57,"column":2},"end":{"line":57,"column":null}}},"fnMap":{"0":{"name":"(anonymous_0)","decl":{"start":{"line":54,"column":0},"end":{"line":54,"column":12}},"loc":{"start":{"line":54,"column":28},"end":{"line":58,"column":1}}}},"branchMap":{"0":{"loc":{"start":{"line":54,"column":12},"end":{"line":54,"column":null}},"type":"binary-expr","locations":[{"start":{"line":54,"column":12},"end":{"line":54,"column":28}},{"start":{"line":54,"column":12},"end":{"line":54,"column":null}}]}},"s":{"0":4,"1":4,"2":4,"3":4},"f":{"0":4},"b":{"0":[4,4]}}
}
