{"/Users/beltranbulbarella/WebstormProjects/basketballApp/src/modules/bottomBar/BottomBar.tsx": {"path":"/Users/beltranbulbarella/WebstormProjects/basketballApp/src/modules/bottomBar/BottomBar.tsx","statementMap":{"0":{"start":{"line":1,"column":0},"end":{"line":1,"column":null}},"1":{"start":{"line":2,"column":0},"end":{"line":2,"column":null}},"2":{"start":{"line":3,"column":0},"end":{"line":3,"column":null}},"3":{"start":{"line":5,"column":18},"end":{"line":34,"column":1}},"4":{"start":{"line":6,"column":12},"end":{"line":6,"column":11}},"5":{"start":{"line":7,"column":9},"end":{"line":7,"column":8}},"6":{"start":{"line":12,"column":2},"end":{"line":32,"column":null}},"7":{"start":{"line":18,"column":17},"end":{"line":18,"column":58}},"8":{"start":{"line":24,"column":17},"end":{"line":24,"column":56}},"9":{"start":{"line":30,"column":17},"end":{"line":30,"column":54}},"10":{"start":{"line":36,"column":15},"end":{"line":53,"column":2}},"11":{"start":{"line":55,"column":0},"end":{"line":55,"column":null}}},"fnMap":{"0":{"name":"BottomBar","decl":{"start":{"line":5,"column":6},"end":{"line":5,"column":15}},"loc":{"start":{"line":11,"column":5},"end":{"line":34,"column":1}}},"1":{"name":"onPress","decl":{"start":{"line":18,"column":17},"end":{"line":18,"column":23}},"loc":{"start":{"line":18,"column":17},"end":{"line":18,"column":58}}},"2":{"name":"onPress","decl":{"start":{"line":24,"column":17},"end":{"line":24,"column":23}},"loc":{"start":{"line":24,"column":17},"end":{"line":24,"column":56}}},"3":{"name":"onPress","decl":{"start":{"line":30,"column":17},"end":{"line":30,"column":23}},"loc":{"start":{"line":30,"column":17},"end":{"line":30,"column":54}}}},"branchMap":{"0":{"loc":{"start":{"line":17,"column":15},"end":{"line":17,"column":80}},"type":"cond-expr","locations":[{"start":{"line":17,"column":58},"end":{"line":17,"column":67}},{"start":{"line":17,"column":70},"end":{"line":17,"column":80}}]},"1":{"loc":{"start":{"line":23,"column":15},"end":{"line":23,"column":78}},"type":"cond-expr","locations":[{"start":{"line":23,"column":56},"end":{"line":23,"column":65}},{"start":{"line":23,"column":68},"end":{"line":23,"column":78}}]},"2":{"loc":{"start":{"line":29,"column":15},"end":{"line":29,"column":76}},"type":"cond-expr","locations":[{"start":{"line":29,"column":54},"end":{"line":29,"column":63}},{"start":{"line":29,"column":66},"end":{"line":29,"column":76}}]}},"s":{"0":4,"1":4,"2":4,"3":4,"4":4,"5":4,"6":4,"7":1,"8":1,"9":1,"10":4,"11":4},"f":{"0":4,"1":1,"2":1,"3":1},"b":{"0":[2,2],"1":[1,3],"2":[1,3]}}
,"/Users/beltranbulbarella/WebstormProjects/basketballApp/src/modules/match/Match.tsx": {"path":"/Users/beltranbulbarella/WebstormProjects/basketballApp/src/modules/match/Match.tsx","statementMap":{"0":{"start":{"line":1,"column":0},"end":{"line":1,"column":null}},"1":{"start":{"line":2,"column":0},"end":{"line":2,"column":null}},"2":{"start":{"line":22,"column":14},"end":{"line":47,"column":1}},"3":{"start":{"line":23,"column":60},"end":{"line":23,"column":78}},"4":{"start":{"line":23,"column":14},"end":{"line":23,"column":13}},"5":{"start":{"line":23,"column":21},"end":{"line":23,"column":20}},"6":{"start":{"line":23,"column":35},"end":{"line":23,"column":34}},"7":{"start":{"line":23,"column":42},"end":{"line":23,"column":41}},"8":{"start":{"line":23,"column":56},"end":{"line":23,"column":55}},"9":{"start":{"line":24,"column":2},"end":{"line":45,"column":null}},"10":{"start":{"line":32,"column":56},"end":{"line":42,"column":null}},"11":{"start":{"line":49,"column":20},"end":{"line":49,"column":50}},"12":{"start":{"line":50,"column":21},"end":{"line":50,"column":52}},"13":{"start":{"line":52,"column":15},"end":{"line":117,"column":2}},"14":{"start":{"line":119,"column":0},"end":{"line":119,"column":null}}},"fnMap":{"0":{"name":"Match","decl":{"start":{"line":22,"column":6},"end":{"line":22,"column":11}},"loc":{"start":{"line":22,"column":36},"end":{"line":47,"column":1}}},"1":{"name":"(anonymous_2)","decl":{"start":{"line":32,"column":26},"end":{"line":32,"column":27}},"loc":{"start":{"line":32,"column":56},"end":{"line":42,"column":null}}}},"branchMap":{},"s":{"0":1,"1":1,"2":1,"3":1,"4":1,"5":1,"6":1,"7":1,"8":1,"9":1,"10":2,"11":1,"12":1,"13":1,"14":1},"f":{"0":1,"1":2},"b":{}}
,"/Users/beltranbulbarella/WebstormProjects/basketballApp/src/modules/match/singleMatchResult/SingleMatchResult.tsx": {"path":"/Users/beltranbulbarella/WebstormProjects/basketballApp/src/modules/match/singleMatchResult/SingleMatchResult.tsx","statementMap":{"0":{"start":{"line":1,"column":0},"end":{"line":1,"column":null}},"1":{"start":{"line":2,"column":0},"end":{"line":2,"column":null}},"2":{"start":{"line":4,"column":0},"end":{"line":4,"column":null}},"3":{"start":{"line":12,"column":26},"end":{"line":28,"column":1}},"4":{"start":{"line":13,"column":2},"end":{"line":26,"column":null}},"5":{"start":{"line":30,"column":15},"end":{"line":44,"column":2}},"6":{"start":{"line":46,"column":0},"end":{"line":46,"column":null}}},"fnMap":{"0":{"name":"SingleMatchResult","decl":{"start":{"line":12,"column":6},"end":{"line":12,"column":23}},"loc":{"start":{"line":12,"column":55},"end":{"line":28,"column":1}}}},"branchMap":{},"s":{"0":2,"1":2,"2":2,"3":2,"4":3,"5":2,"6":2},"f":{"0":3},"b":{}}
,"/Users/beltranbulbarella/WebstormProjects/basketballApp/src/modules/match/singleMatchResult/teamButton/TeamButton.tsx": {"path":"/Users/beltranbulbarella/WebstormProjects/basketballApp/src/modules/match/singleMatchResult/teamButton/TeamButton.tsx","statementMap":{"0":{"start":{"line":1,"column":0},"end":{"line":1,"column":null}},"1":{"start":{"line":2,"column":0},"end":{"line":2,"column":null}},"2":{"start":{"line":4,"column":0},"end":{"line":4,"column":null}},"3":{"start":{"line":10,"column":19},"end":{"line":17,"column":1}},"4":{"start":{"line":11,"column":2},"end":{"line":15,"column":null}},"5":{"start":{"line":19,"column":15},"end":{"line":41,"column":2}},"6":{"start":{"line":43,"column":0},"end":{"line":43,"column":null}}},"fnMap":{"0":{"name":"TeamButton","decl":{"start":{"line":10,"column":6},"end":{"line":10,"column":16}},"loc":{"start":{"line":10,"column":48},"end":{"line":17,"column":1}}}},"branchMap":{},"s":{"0":3,"1":3,"2":3,"3":3,"4":8,"5":3,"6":3},"f":{"0":8},"b":{}}
,"/Users/beltranbulbarella/WebstormProjects/basketballApp/src/modules/players/Players.tsx": {"path":"/Users/beltranbulbarella/WebstormProjects/basketballApp/src/modules/players/Players.tsx","statementMap":{"0":{"start":{"line":1,"column":0},"end":{"line":1,"column":null}},"1":{"start":{"line":2,"column":0},"end":{"line":2,"column":null}},"2":{"start":{"line":4,"column":0},"end":{"line":4,"column":null}},"3":{"start":{"line":5,"column":0},"end":{"line":5,"column":null}},"4":{"start":{"line":7,"column":31},"end":{"line":23,"column":null}},"5":{"start":{"line":26,"column":16},"end":{"line":55,"column":1}},"6":{"start":{"line":26,"column":28},"end":{"line":26,"column":27}},"7":{"start":{"line":27,"column":2},"end":{"line":53,"column":null}},"8":{"start":{"line":40,"column":10},"end":{"line":48,"column":null}},"9":{"start":{"line":57,"column":15},"end":{"line":103,"column":2}},"10":{"start":{"line":105,"column":0},"end":{"line":105,"column":null}}},"fnMap":{"0":{"name":"Players","decl":{"start":{"line":26,"column":6},"end":{"line":26,"column":13}},"loc":{"start":{"line":26,"column":52},"end":{"line":55,"column":1}}},"1":{"name":"(anonymous_2)","decl":{"start":{"line":39,"column":22},"end":{"line":39,"column":23}},"loc":{"start":{"line":39,"column":38},"end":{"line":50,"column":9}}}},"branchMap":{},"s":{"0":1,"1":1,"2":1,"3":1,"4":1,"5":1,"6":1,"7":1,"8":2,"9":1,"10":1},"f":{"0":1,"1":2},"b":{}}
,"/Users/beltranbulbarella/WebstormProjects/basketballApp/src/modules/standings/Standings.tsx": {"path":"/Users/beltranbulbarella/WebstormProjects/basketballApp/src/modules/standings/Standings.tsx","statementMap":{"0":{"start":{"line":1,"column":0},"end":{"line":1,"column":null}},"1":{"start":{"line":2,"column":0},"end":{"line":2,"column":null}},"2":{"start":{"line":4,"column":0},"end":{"line":4,"column":null}},"3":{"start":{"line":5,"column":0},"end":{"line":5,"column":null}},"4":{"start":{"line":7,"column":33},"end":{"line":25,"column":null}},"5":{"start":{"line":28,"column":18},"end":{"line":59,"column":1}},"6":{"start":{"line":28,"column":30},"end":{"line":28,"column":29}},"7":{"start":{"line":29,"column":2},"end":{"line":57,"column":null}},"8":{"start":{"line":43,"column":10},"end":{"line":52,"column":null}},"9":{"start":{"line":61,"column":15},"end":{"line":107,"column":2}},"10":{"start":{"line":109,"column":0},"end":{"line":109,"column":null}}},"fnMap":{"0":{"name":"Standings","decl":{"start":{"line":28,"column":6},"end":{"line":28,"column":15}},"loc":{"start":{"line":28,"column":54},"end":{"line":59,"column":1}}},"1":{"name":"(anonymous_2)","decl":{"start":{"line":42,"column":22},"end":{"line":42,"column":23}},"loc":{"start":{"line":42,"column":38},"end":{"line":54,"column":9}}}},"branchMap":{},"s":{"0":1,"1":1,"2":1,"3":1,"4":1,"5":1,"6":1,"7":1,"8":2,"9":1,"10":1},"f":{"0":1,"1":2},"b":{}}
,"/Users/beltranbulbarella/WebstormProjects/basketballApp/src/navigation/AppNavigation.tsx": {"path":"/Users/beltranbulbarella/WebstormProjects/basketballApp/src/navigation/AppNavigation.tsx","statementMap":{"0":{"start":{"line":1,"column":0},"end":{"line":1,"column":null}},"1":{"start":{"line":2,"column":0},"end":{"line":2,"column":null}},"2":{"start":{"line":3,"column":0},"end":{"line":3,"column":null}},"3":{"start":{"line":4,"column":0},"end":{"line":4,"column":null}},"4":{"start":{"line":5,"column":0},"end":{"line":5,"column":null}},"5":{"start":{"line":7,"column":14},"end":{"line":7,"column":36}},"6":{"start":{"line":9,"column":22},"end":{"line":20,"column":1}},"7":{"start":{"line":10,"column":2},"end":{"line":18,"column":null}},"8":{"start":{"line":15,"column":22},"end":{"line":15,"column":null}},"9":{"start":{"line":22,"column":0},"end":{"line":22,"column":null}}},"fnMap":{"0":{"name":"AppNavigation","decl":{"start":{"line":9,"column":6},"end":{"line":9,"column":19}},"loc":{"start":{"line":9,"column":27},"end":{"line":20,"column":1}}},"1":{"name":"children","decl":{"start":{"line":15,"column":11},"end":{"line":15,"column":12}},"loc":{"start":{"line":15,"column":22},"end":{"line":15,"column":null}}}},"branchMap":{},"s":{"0":0,"1":0,"2":0,"3":0,"4":0,"5":0,"6":0,"7":0,"8":0,"9":0},"f":{"0":0,"1":0},"b":{}}
,"/Users/beltranbulbarella/WebstormProjects/basketballApp/src/screens/Home.tsx": {"path":"/Users/beltranbulbarella/WebstormProjects/basketballApp/src/screens/Home.tsx","statementMap":{"0":{"start":{"line":1,"column":0},"end":{"line":1,"column":null}},"1":{"start":{"line":2,"column":0},"end":{"line":2,"column":null}},"2":{"start":{"line":3,"column":0},"end":{"line":3,"column":null}},"3":{"start":{"line":4,"column":0},"end":{"line":4,"column":null}},"4":{"start":{"line":6,"column":0},"end":{"line":6,"column":null}},"5":{"start":{"line":7,"column":0},"end":{"line":7,"column":null}},"6":{"start":{"line":8,"column":0},"end":{"line":8,"column":null}},"7":{"start":{"line":10,"column":13},"end":{"line":47,"column":1}},"8":{"start":{"line":11,"column":18},"end":{"line":11,"column":30}},"9":{"start":{"line":12,"column":21},"end":{"line":12,"column":36}},"10":{"start":{"line":13,"column":2},"end":{"line":45,"column":null}},"11":{"start":{"line":18,"column":10},"end":{"line":38,"column":null}},"12":{"start":{"line":49,"column":15},"end":{"line":62,"column":2}},"13":{"start":{"line":64,"column":0},"end":{"line":64,"column":null}}},"fnMap":{"0":{"name":"Home","decl":{"start":{"line":10,"column":6},"end":{"line":10,"column":10}},"loc":{"start":{"line":10,"column":18},"end":{"line":47,"column":1}}},"1":{"name":"(anonymous_2)","decl":{"start":{"line":17,"column":20},"end":{"line":17,"column":21}},"loc":{"start":{"line":17,"column":36},"end":{"line":40,"column":9}}}},"branchMap":{"0":{"loc":{"start":{"line":16,"column":7},"end":{"line":40,"column":10}},"type":"binary-expr","locations":[{"start":{"line":16,"column":7},"end":{"line":16,"column":14}},{"start":{"line":17,"column":8},"end":{"line":40,"column":10}}]}},"s":{"0":1,"1":1,"2":1,"3":1,"4":1,"5":1,"6":1,"7":1,"8":1,"9":1,"10":1,"11":1,"12":1,"13":1},"f":{"0":1,"1":1},"b":{"0":[1,1]}}
,"/Users/beltranbulbarella/WebstormProjects/basketballApp/src/utils/data.tsx": {"path":"/Users/beltranbulbarella/WebstormProjects/basketballApp/src/utils/data.tsx","statementMap":{"0":{"start":{"line":1,"column":0},"end":{"line":1,"column":null}},"1":{"start":{"line":2,"column":0},"end":{"line":2,"column":null}},"2":{"start":{"line":4,"column":26},"end":{"line":22,"column":1}},"3":{"start":{"line":5,"column":41},"end":{"line":5,"column":53}},"4":{"start":{"line":5,"column":53},"end":{"line":5,"column":null}},"5":{"start":{"line":5,"column":20},"end":{"line":5,"column":22}},"6":{"start":{"line":5,"column":37},"end":{"line":5,"column":41}},"7":{"start":{"line":7,"column":20},"end":{"line":7,"column":23}},"8":{"start":{"line":7,"column":20},"end":{"line":16,"column":null}},"9":{"start":{"line":8,"column":4},"end":{"line":15,"column":null}},"10":{"start":{"line":11,"column":8},"end":{"line":11,"column":null}},"11":{"start":{"line":14,"column":8},"end":{"line":14,"column":null}},"12":{"start":{"line":16,"column":3},"end":{"line":7,"column":23}},"13":{"start":{"line":17,"column":2},"end":{"line":19,"column":null}},"14":{"start":{"line":18,"column":4},"end":{"line":18,"column":null}},"15":{"start":{"line":21,"column":2},"end":{"line":21,"column":null}},"16":{"start":{"line":4,"column":13},"end":{"line":4,"column":26}}},"fnMap":{"0":{"name":"useMatches","decl":{"start":{"line":4,"column":13},"end":{"line":4,"column":23}},"loc":{"start":{"line":4,"column":31},"end":{"line":22,"column":1}}},"1":{"name":"(anonymous_2)","decl":{"start":{"line":7,"column":20},"end":{"line":7,"column":23}},"loc":{"start":{"line":7,"column":20},"end":{"line":7,"column":23}}},"2":{"name":"(anonymous_3)","decl":{"start":{"line":7,"column":23},"end":{"line":7,"column":34}},"loc":{"start":{"line":7,"column":34},"end":{"line":16,"column":3}}},"3":{"name":"(anonymous_4)","decl":{"start":{"line":10,"column":12},"end":{"line":10,"column":13}},"loc":{"start":{"line":10,"column":20},"end":{"line":12,"column":7}}},"4":{"name":"(anonymous_5)","decl":{"start":{"line":13,"column":13},"end":{"line":13,"column":14}},"loc":{"start":{"line":13,"column":21},"end":{"line":15,"column":7}}},"5":{"name":"fetchMatches","decl":{"start":{"line":7,"column":8},"end":{"line":7,"column":20}},"loc":{"start":{"line":7,"column":20},"end":{"line":7,"column":23}}},"6":{"name":"(anonymous_7)","decl":{"start":{"line":17,"column":12},"end":{"line":17,"column":17}},"loc":{"start":{"line":17,"column":17},"end":{"line":19,"column":3}}}},"branchMap":{},"s":{"0":0,"1":0,"2":0,"3":0,"4":0,"5":0,"6":0,"7":0,"8":0,"9":0,"10":0,"11":0,"12":0,"13":0,"14":0,"15":0,"16":0},"f":{"0":0,"1":0,"2":0,"3":0,"4":0,"5":0,"6":0},"b":{}}
,"/Users/beltranbulbarella/WebstormProjects/basketballApp/src/utils/types.ts": {"path":"/Users/beltranbulbarella/WebstormProjects/basketballApp/src/utils/types.ts","statementMap":{"0":{"start":{"line":56,"column":0},"end":{"line":56,"column":null}},"1":{"start":{"line":57,"column":2},"end":{"line":57,"column":null}},"2":{"start":{"line":58,"column":2},"end":{"line":58,"column":null}},"3":{"start":{"line":59,"column":2},"end":{"line":59,"column":null}}},"fnMap":{"0":{"name":"(anonymous_0)","decl":{"start":{"line":56,"column":0},"end":{"line":56,"column":12}},"loc":{"start":{"line":56,"column":28},"end":{"line":60,"column":1}}}},"branchMap":{"0":{"loc":{"start":{"line":56,"column":12},"end":{"line":56,"column":null}},"type":"binary-expr","locations":[{"start":{"line":56,"column":12},"end":{"line":56,"column":28}},{"start":{"line":56,"column":12},"end":{"line":56,"column":null}}]}},"s":{"0":4,"1":4,"2":4,"3":4},"f":{"0":4},"b":{"0":[4,4]}}
}
