TN:
SF:src/modules/bottomBar/BottomBar.tsx
FN:5,BottomBar
FN:18,onPress
FN:24,onPress
FN:30,onPress
FNF:4
FNH:4
FNDA:5,BottomBar
FNDA:1,onPress
FNDA:1,onPress
FNDA:1,onPress
DA:1,5
DA:2,5
DA:3,5
DA:5,5
DA:6,5
DA:7,5
DA:12,5
DA:18,1
DA:24,1
DA:30,1
DA:36,5
DA:55,5
LF:12
LH:12
BRDA:17,0,0,3
BRDA:17,0,1,2
BRDA:23,1,0,1
BRDA:23,1,1,4
BRDA:29,2,0,1
BRDA:29,2,1,4
BRF:6
BRH:6
end_of_record
TN:
SF:src/modules/match/Match.tsx
FN:22,Match
FN:32,(anonymous_2)
FNF:2
FNH:2
FNDA:1,Match
FNDA:2,(anonymous_2)
DA:1,1
DA:2,1
DA:22,1
DA:23,1
DA:24,1
DA:32,2
DA:49,1
DA:50,1
DA:52,1
DA:119,1
LF:10
LH:10
BRF:0
BRH:0
end_of_record
TN:
SF:src/modules/match/singleMatchResult/SingleMatchResult.tsx
FN:12,SingleMatchResult
FNF:1
FNH:1
FNDA:3,SingleMatchResult
DA:1,3
DA:2,3
DA:4,3
DA:12,3
DA:13,3
DA:30,3
DA:46,3
LF:7
LH:7
BRF:0
BRH:0
end_of_record
TN:
SF:src/modules/match/singleMatchResult/teamButton/TeamButton.tsx
FN:10,TeamButton
FNF:1
FNH:1
FNDA:8,TeamButton
DA:1,4
DA:2,4
DA:4,4
DA:10,4
DA:11,8
DA:19,4
DA:43,4
LF:7
LH:7
BRF:0
BRH:0
end_of_record
TN:
SF:src/modules/players/Players.tsx
FN:26,Players
FN:39,(anonymous_2)
FNF:2
FNH:2
FNDA:1,Players
FNDA:2,(anonymous_2)
DA:1,1
DA:2,1
DA:4,1
DA:5,1
DA:7,1
DA:26,1
DA:27,1
DA:40,2
DA:57,1
DA:105,1
LF:10
LH:10
BRF:0
BRH:0
end_of_record
TN:
SF:src/modules/standings/Standings.tsx
FN:28,Standings
FN:42,(anonymous_2)
FNF:2
FNH:2
FNDA:1,Standings
FNDA:2,(anonymous_2)
DA:1,1
DA:2,1
DA:4,1
DA:5,1
DA:7,1
DA:28,1
DA:29,1
DA:43,2
DA:61,1
DA:109,1
LF:10
LH:10
BRF:0
BRH:0
end_of_record
TN:
SF:src/navigation/AppNavigation.tsx
FN:9,AppNavigation
FN:15,children
FNF:2
FNH:0
FNDA:0,AppNavigation
FNDA:0,children
DA:1,0
DA:2,0
DA:3,0
DA:4,0
DA:5,0
DA:7,0
DA:9,0
DA:10,0
DA:15,0
DA:22,0
LF:10
LH:0
BRF:0
BRH:0
end_of_record
TN:
SF:src/screens/Home.tsx
FN:10,Home
FN:17,(anonymous_2)
FNF:2
FNH:2
FNDA:2,Home
FNDA:1,(anonymous_2)
DA:1,2
DA:2,2
DA:3,2
DA:4,2
DA:6,2
DA:7,2
DA:8,2
DA:10,2
DA:11,2
DA:12,2
DA:13,2
DA:18,1
DA:49,2
DA:64,2
LF:14
LH:14
BRDA:16,0,0,2
BRDA:16,0,1,2
BRF:2
BRH:2
end_of_record
TN:
SF:src/utils/data.tsx
FN:4,useMatches
FN:7,(anonymous_2)
FN:7,(anonymous_3)
FN:10,(anonymous_4)
FN:13,(anonymous_5)
FN:7,fetchMatches
FN:17,(anonymous_7)
FNF:7
FNH:5
FNDA:1,useMatches
FNDA:1,(anonymous_2)
FNDA:1,(anonymous_3)
FNDA:0,(anonymous_4)
FNDA:0,(anonymous_5)
FNDA:1,fetchMatches
FNDA:1,(anonymous_7)
DA:1,1
DA:2,1
DA:4,1
DA:5,1
DA:7,2
DA:8,1
DA:11,0
DA:14,0
DA:16,1
DA:17,1
DA:18,1
DA:21,1
LF:12
LH:10
BRF:0
BRH:0
end_of_record
TN:
SF:src/utils/types.ts
FN:56,(anonymous_0)
FNF:1
FNH:1
FNDA:5,(anonymous_0)
DA:56,5
DA:57,5
DA:58,5
DA:59,5
LF:4
LH:4
BRDA:56,0,0,5
BRDA:56,0,1,5
BRF:2
BRH:2
end_of_record
