TN:
SF:src/modules/bottomBar/BottomBar.tsx
FN:5,BottomBar
FN:18,onPress
FN:24,onPress
FN:30,onPress
FNF:4
FNH:4
FNDA:12,BottomBar
FNDA:2,onPress
FNDA:2,onPress
FNDA:2,onPress
DA:1,4
DA:2,4
DA:3,4
DA:5,4
DA:6,12
DA:7,12
DA:12,12
DA:18,2
DA:24,2
DA:30,2
DA:36,4
DA:55,4
LF:12
LH:12
BRDA:17,0,0,4
BRDA:17,0,1,8
BRDA:23,1,0,4
BRDA:23,1,1,8
BRDA:29,2,0,4
BRDA:29,2,1,8
BRF:6
BRH:6
end_of_record
TN:
SF:src/modules/match/Match.tsx
FN:7,Match
FN:8,(anonymous_2)
FN:47,(anonymous_3)
FNF:3
FNH:2
FNDA:3,Match
FNDA:0,(anonymous_2)
FNDA:3,(anonymous_3)
DA:1,1
DA:2,1
DA:3,1
DA:4,1
DA:5,1
DA:7,1
DA:8,3
DA:9,3
DA:10,3
DA:48,3
DA:75,1
DA:76,1
DA:78,1
DA:144,1
LF:14
LH:14
BRDA:18,0,0,3
BRDA:18,0,1,3
BRDA:22,1,0,3
BRDA:22,1,1,3
BRDA:27,2,0,3
BRDA:27,2,1,3
BRDA:35,3,0,3
BRDA:35,3,1,3
BRDA:39,4,0,3
BRDA:39,4,1,3
BRDA:45,5,0,3
BRDA:45,5,1,3
BRDA:55,6,0,3
BRDA:55,6,1,3
BRDA:62,7,0,3
BRDA:62,7,1,3
BRF:16
BRH:16
end_of_record
TN:
SF:src/modules/match/singleMatchResult/SingleMatchResult.tsx
FN:6,SingleMatchResult
FNF:1
FNH:1
FNDA:5,SingleMatchResult
DA:1,2
DA:2,2
DA:3,2
DA:6,2
DA:7,5
DA:24,2
DA:40,2
LF:7
LH:7
BRF:0
BRH:0
end_of_record
TN:
SF:src/modules/match/singleMatchResult/teamButton/TeamButton.tsx
FN:6,TeamButton
FNF:1
FNH:1
FNDA:17,TeamButton
DA:1,4
DA:2,4
DA:4,4
DA:6,4
DA:7,17
DA:17,4
DA:41,4
LF:7
LH:7
BRF:0
BRH:0
end_of_record
TN:
SF:src/modules/players/Players.tsx
FN:8,Players
FN:24,onPress
FN:31,onPress
FN:39,(anonymous_10)
FN:43,(anonymous_11)
FNF:5
FNH:4
FNDA:4,Players
FNDA:0,onPress
FNDA:1,onPress
FNDA:4,(anonymous_10)
FNDA:8,(anonymous_11)
DA:1,1
DA:2,1
DA:4,1
DA:5,1
DA:6,1
DA:8,4
DA:9,4
DA:10,4
DA:13,4
DA:14,4
DA:24,0
DA:31,1
DA:40,4
DA:41,4
DA:44,8
DA:66,1
DA:114,1
LF:17
LH:16
BRDA:37,0,0,4
BRDA:37,0,1,4
BRDA:40,1,0,0
BRDA:40,1,1,4
BRF:4
BRH:3
end_of_record
TN:
SF:src/modules/standings/Standings.tsx
FN:8,Standings
FN:23,onPress
FN:29,onPress
FN:36,onPress
FN:44,(anonymous_11)
FN:45,(anonymous_12)
FN:49,(anonymous_13)
FNF:7
FNH:6
FNDA:4,Standings
FNDA:0,onPress
FNDA:1,onPress
FNDA:1,onPress
FNDA:8,(anonymous_11)
FNDA:4,(anonymous_12)
FNDA:8,(anonymous_13)
DA:1,1
DA:2,1
DA:4,1
DA:5,1
DA:6,1
DA:8,4
DA:9,4
DA:10,4
DA:13,4
DA:14,4
DA:23,0
DA:29,1
DA:36,1
DA:44,8
DA:46,4
DA:47,3
DA:50,8
DA:72,1
DA:120,1
LF:19
LH:18
BRDA:42,0,0,4
BRDA:42,0,1,4
BRDA:46,1,0,1
BRDA:46,1,1,3
BRF:4
BRH:4
end_of_record
TN:
SF:src/screens/Home.tsx
FN:16,Home
FN:18,(anonymous_2)
FN:32,(anonymous_3)
FN:37,onPress
FNF:4
FNH:4
FNDA:3,Home
FNDA:4,(anonymous_2)
FNDA:3,(anonymous_3)
FNDA:1,onPress
DA:1,1
DA:2,1
DA:9,1
DA:10,1
DA:12,1
DA:13,1
DA:14,1
DA:16,3
DA:17,3
DA:18,4
DA:19,3
DA:33,3
DA:39,1
DA:40,1
DA:77,1
DA:92,1
LF:16
LH:16
BRDA:31,0,0,3
BRDA:31,0,1,3
BRF:2
BRH:2
end_of_record
TN:
SF:src/store/store.tsx
FN:8,(anonymous_0)
FN:10,setIndex
FN:10,(anonymous_2)
FNF:3
FNH:3
FNDA:2,(anonymous_0)
FNDA:2,setIndex
FNDA:2,(anonymous_2)
DA:1,2
DA:8,2
DA:10,2
LF:3
LH:3
BRF:0
BRH:0
end_of_record
TN:
SF:src/utils/data.tsx
FN:5,useMatches
FN:8,(anonymous_2)
FN:8,(anonymous_3)
FN:12,(anonymous_4)
FN:16,(anonymous_5)
FN:8,fetchMatches
FN:21,(anonymous_7)
FN:28,useGetPlayersStandings
FN:31,(anonymous_9)
FN:31,(anonymous_10)
FN:34,(anonymous_11)
FN:37,(anonymous_12)
FN:31,fetchPlayersStandings
FN:41,(anonymous_14)
FN:48,useGetStandings
FN:51,(anonymous_16)
FN:51,(anonymous_17)
FN:54,(anonymous_18)
FN:57,(anonymous_19)
FN:51,fetchStandings
FN:61,(anonymous_21)
FNF:21
FNH:18
FNDA:4,useMatches
FNDA:4,(anonymous_2)
FNDA:1,(anonymous_3)
FNDA:1,(anonymous_4)
FNDA:0,(anonymous_5)
FNDA:1,fetchMatches
FNDA:1,(anonymous_7)
FNDA:2,useGetPlayersStandings
FNDA:2,(anonymous_9)
FNDA:1,(anonymous_10)
FNDA:1,(anonymous_11)
FNDA:0,(anonymous_12)
FNDA:1,fetchPlayersStandings
FNDA:1,(anonymous_14)
FNDA:2,useGetStandings
FNDA:2,(anonymous_16)
FNDA:1,(anonymous_17)
FNDA:1,(anonymous_18)
FNDA:0,(anonymous_19)
FNDA:1,fetchStandings
FNDA:1,(anonymous_21)
DA:1,1
DA:2,1
DA:5,1
DA:6,4
DA:7,4
DA:8,5
DA:9,1
DA:10,1
DA:13,1
DA:14,1
DA:17,0
DA:18,0
DA:20,4
DA:21,4
DA:22,1
DA:25,4
DA:28,1
DA:29,2
DA:31,3
DA:32,1
DA:35,1
DA:38,0
DA:40,2
DA:41,2
DA:42,1
DA:45,2
DA:48,1
DA:49,2
DA:51,3
DA:52,1
DA:55,1
DA:58,0
DA:60,2
DA:61,2
DA:62,1
DA:65,2
LF:36
LH:32
BRF:0
BRH:0
end_of_record
TN:
SF:src/utils/types.ts
FN:54,(anonymous_0)
FNF:1
FNH:1
FNDA:4,(anonymous_0)
DA:54,4
DA:55,4
DA:56,4
DA:57,4
LF:4
LH:4
BRDA:54,0,0,4
BRDA:54,0,1,4
BRF:2
BRH:2
end_of_record
